<?xml version="1.0" encoding="UTF-8"?>
<testng-results skipped="0" failed="0" ignored="2" total="3" passed="1">
  <reporter-output>
    <line>
      <![CDATA[Test case Passed, Samsung present in search results!]]>
    </line>
    <line>
      <![CDATA[<a target="_blank" href="C:\POM-DDF\PayBright1.jpg">Screenshot</a>]]>
    </line>
    <line>
      <![CDATA[<br>]]>
    </line>
    <line>
      <![CDATA[<a target="_blank" href="C:\POM-DDF\PayBright1.jpg"><img src="C:\POM-DDF\PayBright1.jpg" height=200 width=200></img></a>]]>
    </line>
  </reporter-output>
  <suite name="Suite" duration-ms="310418" started-at="2020-08-12T15:36:16Z" finished-at="2020-08-12T15:41:26Z">
    <groups>
    </groups>
    <test name="Test" duration-ms="310418" started-at="2020-08-12T15:36:16Z" finished-at="2020-08-12T15:41:26Z">
      <class name="com.pba.testcases.Testcase1">
        <test-method status="PASS" signature="setUp()[pri:0, instance:com.pba.testcases.Testcase1@168b9a4]" name="setUp" is-config="true" duration-ms="106959" started-at="2020-08-12T15:34:29Z" finished-at="2020-08-12T15:36:16Z">
          <reporter-output>
          </reporter-output>
        </test-method> <!-- setUp -->
        <test-method status="PASS" signature="testCase()[pri:0, instance:com.pba.testcases.Testcase1@168b9a4]" name="testCase" duration-ms="310095" started-at="2020-08-12T15:36:16Z" finished-at="2020-08-12T15:41:26Z">
          <reporter-output>
            <line>
              <![CDATA[Test case Passed, Samsung present in search results!]]>
            </line>
            <line>
              <![CDATA[<a target="_blank" href="C:\POM-DDF\PayBright1.jpg">Screenshot</a>]]>
            </line>
            <line>
              <![CDATA[<br>]]>
            </line>
            <line>
              <![CDATA[<a target="_blank" href="C:\POM-DDF\PayBright1.jpg"><img src="C:\POM-DDF\PayBright1.jpg" height=200 width=200></img></a>]]>
            </line>
          </reporter-output>
        </test-method> <!-- testCase -->
        <test-method status="PASS" signature="tearDown()[pri:0, instance:com.pba.testcases.Testcase1@168b9a4]" name="tearDown" is-config="true" duration-ms="90614" started-at="2020-08-12T15:41:27Z" finished-at="2020-08-12T15:42:58Z">
          <reporter-output>
          </reporter-output>
        </test-method> <!-- tearDown -->
      </class> <!-- com.pba.testcases.Testcase1 -->
    </test> <!-- Test -->
  </suite> <!-- Suite -->
</testng-results>
