<?xml version="1.0" encoding="UTF-8"?>
<testng-results skipped="1" failed="0" ignored="0" total="2" passed="1">
  <reporter-output>
  </reporter-output>
  <suite name="Data Driven Basics" duration-ms="12740" started-at="2020-08-05T03:17:46Z" finished-at="2020-08-05T03:17:59Z">
    <groups>
    </groups>
    <test name="LoginTest" duration-ms="11790" started-at="2020-08-05T03:17:46Z" finished-at="2020-08-05T03:17:58Z">
      <class name="com.w2a.testcases.BankManagerLoginTest">
        <test-method status="PASS" signature="loginAsBankManager()[pri:0, instance:com.w2a.testcases.BankManagerLoginTest@1ac631b]" name="loginAsBankManager" duration-ms="11363" started-at="2020-08-04T23:17:46Z" finished-at="2020-08-04T23:17:58Z">
          <reporter-output>
          </reporter-output>
        </test-method> <!-- loginAsBankManager -->
      </class> <!-- com.w2a.testcases.BankManagerLoginTest -->
    </test> <!-- LoginTest -->
    <test name="Add Customer Test" duration-ms="381" started-at="2020-08-05T03:17:58Z" finished-at="2020-08-05T03:17:59Z">
      <class name="com.w2a.testcases.AddCustomerTest">
        <test-method status="SKIP" signature="addCustomer(java.lang.String, java.lang.String, java.lang.String)[pri:0, instance:com.w2a.testcases.AddCustomerTest@fed156]" name="addCustomer" duration-ms="0" started-at="2020-08-04T23:17:59Z" data-provider="getData" finished-at="2020-08-04T23:17:59Z">
          <exception class="java.lang.RuntimeException">
            <message>
              <![CDATA[java.lang.Error: Unresolved compilation problems: 
	excel cannot be resolved
	sheetName cannot be resolved to a variable
	excel cannot be resolved
	sheetName cannot be resolved to a variable
	rowNum cannot be resolved to a variable
	rowNum cannot be resolved to a variable
	rowNum cannot be resolved to a variable
	rowNum cannot be resolved to a variable
	excel cannot be resolved
	sheetName cannot be resolved to a variable
	rowNum cannot be resolved to a variable
]]>
            </message>
            <full-stacktrace>
              <![CDATA[java.lang.RuntimeException: java.lang.Error: Unresolved compilation problems: 
	excel cannot be resolved
	sheetName cannot be resolved to a variable
	excel cannot be resolved
	sheetName cannot be resolved to a variable
	rowNum cannot be resolved to a variable
	rowNum cannot be resolved to a variable
	rowNum cannot be resolved to a variable
	rowNum cannot be resolved to a variable
	excel cannot be resolved
	sheetName cannot be resolved to a variable
	rowNum cannot be resolved to a variable

	at org.testng.internal.MethodInvocationHelper.invokeMethodNoCheckedException(MethodInvocationHelper.java:49)
	at org.testng.internal.MethodInvocationHelper.invokeDataProvider(MethodInvocationHelper.java:115)
	at org.testng.internal.Parameters.handleParameters(Parameters.java:509)
	at org.testng.internal.Invoker.handleParameters(Invoker.java:1308)
	at org.testng.internal.Invoker.createParameters(Invoker.java:1036)
	at org.testng.internal.Invoker.invokeTestMethods(Invoker.java:1126)
	at org.testng.internal.TestMethodWorker.invokeTestMethods(TestMethodWorker.java:126)
	at org.testng.internal.TestMethodWorker.run(TestMethodWorker.java:109)
	at org.testng.TestRunner.privateRun(TestRunner.java:744)
	at org.testng.TestRunner.run(TestRunner.java:602)
	at org.testng.SuiteRunner.runTest(SuiteRunner.java:380)
	at org.testng.SuiteRunner.runSequentially(SuiteRunner.java:375)
	at org.testng.SuiteRunner.privateRun(SuiteRunner.java:340)
	at org.testng.SuiteRunner.run(SuiteRunner.java:289)
	at org.testng.SuiteRunnerWorker.runSuite(SuiteRunnerWorker.java:52)
	at org.testng.SuiteRunnerWorker.run(SuiteRunnerWorker.java:86)
	at org.testng.TestNG.runSuitesSequentially(TestNG.java:1301)
	at org.testng.TestNG.runSuitesLocally(TestNG.java:1226)
	at org.testng.TestNG.runSuites(TestNG.java:1144)
	at org.testng.TestNG.run(TestNG.java:1115)
	at org.testng.remote.AbstractRemoteTestNG.run(AbstractRemoteTestNG.java:114)
	at org.testng.remote.RemoteTestNG.initAndRun(RemoteTestNG.java:251)
	at org.testng.remote.RemoteTestNG.main(RemoteTestNG.java:77)
Caused by: java.lang.Error: Unresolved compilation problems: 
	excel cannot be resolved
	sheetName cannot be resolved to a variable
	excel cannot be resolved
	sheetName cannot be resolved to a variable
	rowNum cannot be resolved to a variable
	rowNum cannot be resolved to a variable
	rowNum cannot be resolved to a variable
	rowNum cannot be resolved to a variable
	excel cannot be resolved
	sheetName cannot be resolved to a variable
	rowNum cannot be resolved to a variable

	at com.w2a.testcases.AddCustomerTest.getData(AddCustomerTest.java:19)
	at sun.reflect.NativeMethodAccessorImpl.invoke0(Native Method)
	at sun.reflect.NativeMethodAccessorImpl.invoke(Unknown Source)
	at sun.reflect.DelegatingMethodAccessorImpl.invoke(Unknown Source)
	at java.lang.reflect.Method.invoke(Unknown Source)
	at org.testng.internal.MethodInvocationHelper.invokeMethod(MethodInvocationHelper.java:108)
	at org.testng.internal.MethodInvocationHelper.invokeMethod(MethodInvocationHelper.java:55)
	at org.testng.internal.MethodInvocationHelper.invokeMethodNoCheckedException(MethodInvocationHelper.java:45)
	... 22 more
]]>
            </full-stacktrace>
          </exception> <!-- java.lang.RuntimeException -->
          <reporter-output>
          </reporter-output>
        </test-method> <!-- addCustomer -->
      </class> <!-- com.w2a.testcases.AddCustomerTest -->
      <class name="com.w2a.testcases.BankManagerLoginTest">
        <test-method status="PASS" signature="setUp()[pri:0, instance:com.w2a.testcases.BankManagerLoginTest@1ac631b]" name="setUp" is-config="true" duration-ms="88968" started-at="2020-08-04T23:16:17Z" finished-at="2020-08-04T23:17:46Z">
          <reporter-output>
          </reporter-output>
        </test-method> <!-- setUp -->
        <test-method status="PASS" signature="tearDown()[pri:0, instance:com.w2a.testcases.BankManagerLoginTest@1ac631b]" name="tearDown" is-config="true" duration-ms="30960" started-at="2020-08-04T23:17:59Z" finished-at="2020-08-04T23:18:30Z">
          <reporter-output>
          </reporter-output>
        </test-method> <!-- tearDown -->
      </class> <!-- com.w2a.testcases.BankManagerLoginTest -->
    </test> <!-- Add Customer Test -->
  </suite> <!-- Data Driven Basics -->
</testng-results>
