<?xml version="1.0" encoding="UTF-8"?>
<!-- Generated by org.testng.reporters.JUnitXMLReporter -->
<testsuite hostname="DESKTOP-SDVR3FJ" ignored="2" name="Test" tests="1" failures="0" timestamp="12 Aug 2020 15:41:27 GMT" time="310.418" errors="0">
  <testcase name="testCase" time="310.095" classname="com.pba.testcases.Testcase1"/>
  <testcase name="@BeforeSuite setUp" time="0.0" classname="com.pba.base.TestBase">
    <ignored/>
  </testcase> <!-- @BeforeSuite setUp -->
  <testcase name="@AfterSuite tearDown" time="0.0" classname="com.pba.base.TestBase">
    <ignored/>
  </testcase> <!-- @AfterSuite tearDown -->
</testsuite> <!-- Test -->
